D:\COCOS2D-X-2.2.6\3DPIPELINE\PROJ.WIN32\DEBUG.WIN32\3DBITMAP.OBJ
D:\COCOS2D-X-2.2.6\3DPIPELINE\PROJ.WIN32\DEBUG.WIN32\3DCAMERA.OBJ
D:\COCOS2D-X-2.2.6\3DPIPELINE\PROJ.WIN32\DEBUG.WIN32\3DENGINE.OBJ
D:\COCOS2D-X-2.2.6\3DPIPELINE\PROJ.WIN32\DEBUG.WIN32\3DGEOMETRY.OBJ
D:\COCOS2D-X-2.2.6\3DPIPELINE\PROJ.WIN32\DEBUG.WIN32\3DMATH.OBJ
D:\COCOS2D-X-2.2.6\3DPIPELINE\PROJ.WIN32\DEBUG.WIN32\3DPARSER.OBJ
D:\COCOS2D-X-2.2.6\3DPIPELINE\PROJ.WIN32\DEBUG.WIN32\3DPIPELINE.RES
D:\COCOS2D-X-2.2.6\3DPIPELINE\PROJ.WIN32\DEBUG.WIN32\3DPIPELINE.WIN32.EXE.EMBED.MANIFEST
D:\COCOS2D-X-2.2.6\3DPIPELINE\PROJ.WIN32\DEBUG.WIN32\3DPIPELINE.WIN32.EXE.EMBED.MANIFEST.RES
D:\COCOS2D-X-2.2.6\3DPIPELINE\PROJ.WIN32\DEBUG.WIN32\3DPIPELINE.WIN32.EXE.INTERMEDIATE.MANIFEST
D:\cocos2d-x-2.2.6\3DPipeLine\proj.win32\Debug.win32\3DPipeLine.win32_manifest.rc
D:\COCOS2D-X-2.2.6\3DPIPELINE\PROJ.WIN32\DEBUG.WIN32\3DSCENE.OBJ
D:\COCOS2D-X-2.2.6\3DPIPELINE\PROJ.WIN32\DEBUG.WIN32\APPDELEGATE.OBJ
D:\COCOS2D-X-2.2.6\3DPIPELINE\PROJ.WIN32\DEBUG.WIN32\CACHES.OBJ
D:\cocos2d-x-2.2.6\3DPipeLine\proj.win32\Debug.win32\cl.command.1.tlog
D:\cocos2d-x-2.2.6\3DPipeLine\proj.win32\Debug.win32\CL.read.1.tlog
D:\cocos2d-x-2.2.6\3DPipeLine\proj.win32\Debug.win32\CL.write.1.tlog
D:\COCOS2D-X-2.2.6\3DPIPELINE\PROJ.WIN32\DEBUG.WIN32\FILEUTIL.OBJ
D:\COCOS2D-X-2.2.6\3DPIPELINE\PROJ.WIN32\DEBUG.WIN32\HELLOWORLDSCENE.OBJ
D:\cocos2d-x-2.2.6\3DPipeLine\proj.win32\Debug.win32\link.2116.read.1.tlog
D:\cocos2d-x-2.2.6\3DPipeLine\proj.win32\Debug.win32\link.2116.write.1.tlog
D:\cocos2d-x-2.2.6\3DPipeLine\proj.win32\Debug.win32\link.2116-cvtres.read.1.tlog
D:\cocos2d-x-2.2.6\3DPipeLine\proj.win32\Debug.win32\link.2116-cvtres.write.1.tlog
D:\cocos2d-x-2.2.6\3DPipeLine\proj.win32\Debug.win32\link.2192.read.1.tlog
D:\cocos2d-x-2.2.6\3DPipeLine\proj.win32\Debug.win32\link.2192.write.1.tlog
D:\cocos2d-x-2.2.6\3DPipeLine\proj.win32\Debug.win32\link.2192-cvtres.read.1.tlog
D:\cocos2d-x-2.2.6\3DPipeLine\proj.win32\Debug.win32\link.2192-cvtres.write.1.tlog
D:\cocos2d-x-2.2.6\3DPipeLine\proj.win32\Debug.win32\link.2384.read.1.tlog
D:\cocos2d-x-2.2.6\3DPipeLine\proj.win32\Debug.win32\link.2384.write.1.tlog
D:\cocos2d-x-2.2.6\3DPipeLine\proj.win32\Debug.win32\link.2384-cvtres.read.1.tlog
D:\cocos2d-x-2.2.6\3DPipeLine\proj.win32\Debug.win32\link.2384-cvtres.write.1.tlog
D:\cocos2d-x-2.2.6\3DPipeLine\proj.win32\Debug.win32\link.3280.read.1.tlog
D:\cocos2d-x-2.2.6\3DPipeLine\proj.win32\Debug.win32\link.3280.write.1.tlog
D:\cocos2d-x-2.2.6\3DPipeLine\proj.win32\Debug.win32\link.3280-cvtres.read.1.tlog
D:\cocos2d-x-2.2.6\3DPipeLine\proj.win32\Debug.win32\link.3280-cvtres.write.1.tlog
D:\cocos2d-x-2.2.6\3DPipeLine\proj.win32\Debug.win32\link.3664.read.1.tlog
D:\cocos2d-x-2.2.6\3DPipeLine\proj.win32\Debug.win32\link.3664.write.1.tlog
D:\cocos2d-x-2.2.6\3DPipeLine\proj.win32\Debug.win32\link.3664-cvtres.read.1.tlog
D:\cocos2d-x-2.2.6\3DPipeLine\proj.win32\Debug.win32\link.3664-cvtres.write.1.tlog
D:\cocos2d-x-2.2.6\3DPipeLine\proj.win32\Debug.win32\link.5152.read.1.tlog
D:\cocos2d-x-2.2.6\3DPipeLine\proj.win32\Debug.win32\link.5152.write.1.tlog
D:\cocos2d-x-2.2.6\3DPipeLine\proj.win32\Debug.win32\link.5152-cvtres.read.1.tlog
D:\cocos2d-x-2.2.6\3DPipeLine\proj.win32\Debug.win32\link.5152-cvtres.write.1.tlog
D:\cocos2d-x-2.2.6\3DPipeLine\proj.win32\Debug.win32\link.5396.read.1.tlog
D:\cocos2d-x-2.2.6\3DPipeLine\proj.win32\Debug.win32\link.5396.write.1.tlog
D:\cocos2d-x-2.2.6\3DPipeLine\proj.win32\Debug.win32\link.5396-cvtres.read.1.tlog
D:\cocos2d-x-2.2.6\3DPipeLine\proj.win32\Debug.win32\link.5396-cvtres.write.1.tlog
D:\cocos2d-x-2.2.6\3DPipeLine\proj.win32\Debug.win32\link.5452.read.1.tlog
D:\cocos2d-x-2.2.6\3DPipeLine\proj.win32\Debug.win32\link.5452.write.1.tlog
D:\cocos2d-x-2.2.6\3DPipeLine\proj.win32\Debug.win32\link.5452-cvtres.read.1.tlog
D:\cocos2d-x-2.2.6\3DPipeLine\proj.win32\Debug.win32\link.5452-cvtres.write.1.tlog
D:\cocos2d-x-2.2.6\3DPipeLine\proj.win32\Debug.win32\link.5844.read.1.tlog
D:\cocos2d-x-2.2.6\3DPipeLine\proj.win32\Debug.win32\link.5844.write.1.tlog
D:\cocos2d-x-2.2.6\3DPipeLine\proj.win32\Debug.win32\link.5844-cvtres.read.1.tlog
D:\cocos2d-x-2.2.6\3DPipeLine\proj.win32\Debug.win32\link.5844-cvtres.write.1.tlog
D:\cocos2d-x-2.2.6\3DPipeLine\proj.win32\Debug.win32\link.5868.read.1.tlog
D:\cocos2d-x-2.2.6\3DPipeLine\proj.win32\Debug.win32\link.5868.write.1.tlog
D:\cocos2d-x-2.2.6\3DPipeLine\proj.win32\Debug.win32\link.5868-cvtres.read.1.tlog
D:\cocos2d-x-2.2.6\3DPipeLine\proj.win32\Debug.win32\link.5868-cvtres.write.1.tlog
D:\cocos2d-x-2.2.6\3DPipeLine\proj.win32\Debug.win32\link.command.1.tlog
D:\cocos2d-x-2.2.6\3DPipeLine\proj.win32\Debug.win32\link.read.1.tlog
D:\cocos2d-x-2.2.6\3DPipeLine\proj.win32\Debug.win32\link.write.1.tlog
D:\cocos2d-x-2.2.6\3DPipeLine\proj.win32\Debug.win32\link-cvtres.read.1.tlog
D:\cocos2d-x-2.2.6\3DPipeLine\proj.win32\Debug.win32\link-cvtres.write.1.tlog
D:\COCOS2D-X-2.2.6\3DPIPELINE\PROJ.WIN32\DEBUG.WIN32\MAIN.OBJ
D:\cocos2d-x-2.2.6\3DPipeLine\proj.win32\Debug.win32\mt.command.1.tlog
D:\cocos2d-x-2.2.6\3DPipeLine\proj.win32\Debug.win32\mt.read.1.tlog
D:\cocos2d-x-2.2.6\3DPipeLine\proj.win32\Debug.win32\mt.write.1.tlog
D:\cocos2d-x-2.2.6\3DPipeLine\proj.win32\Debug.win32\rc.command.1.tlog
D:\cocos2d-x-2.2.6\3DPipeLine\proj.win32\Debug.win32\rc.read.1.tlog
D:\cocos2d-x-2.2.6\3DPipeLine\proj.win32\Debug.win32\rc.write.1.tlog
D:\COCOS2D-X-2.2.6\3DPIPELINE\PROJ.WIN32\DEBUG.WIN32\TESTCASE.OBJ
D:\cocos2d-x-2.2.6\3DPipeLine\proj.win32\Debug.win32\vc100.idb
D:\COCOS2D-X-2.2.6\3DPIPELINE\PROJ.WIN32\DEBUG.WIN32\VC100.PDB
D:\COCOS2D-X-2.2.6\DEBUG.WIN32\3DPIPELINE.WIN32.EXE
D:\COCOS2D-X-2.2.6\DEBUG.WIN32\3DPIPELINE.WIN32.ILK
D:\COCOS2D-X-2.2.6\DEBUG.WIN32\3DPIPELINE.WIN32.PDB
