Build started 2016-5-16 19:14:15.
     1>Project "D:\cocos2d-x-2.2.6\3DPipeLine\proj.win32\3DPipeLine.win32.vcxproj" on node 2 (build target(s)).
     1>InitializeBuildStatus:
         Creating "Debug.win32\3DPipeLine.win32.unsuccessfulbuild" because "AlwaysCreate" was specified.
       ClCompile:
         C:\Program Files\Microsoft Visual Studio 10.0\VC\bin\CL.exe /c /I. /I..\Classes /I"D:\cocos2d-x-2.2.6\cocos2dx" /I"D:\cocos2d-x-2.2.6\cocos2dx\include" /I"D:\cocos2d-x-2.2.6\cocos2dx\kazmath\include" /I"D:\cocos2d-x-2.2.6\cocos2dx\platform\win32" /I"D:\cocos2d-x-2.2.6\cocos2dx\platform\third_party\win32" /I"D:\cocos2d-x-2.2.6\cocos2dx\platform\third_party\win32\OGLES" /I"D:\cocos2d-x-2.2.6\extensions" /ZI /nologo /W3 /WX- /Od /Oy- /D WIN32 /D _WINDOWS /D STRICT /D _CRT_SECURE_NO_WARNINGS /D _SCL_SECURE_NO_WARNINGS_DEBUG /D COCOS2D_DEBUG=1 /D _UNICODE /D UNICODE /Gm /EHsc /RTC1 /MDd /GS /fp:precise /Zc:wchar_t /Zc:forScope /Fo"Debug.win32\\" /Fd"Debug.win32\vc100.pdb" /Gd /TP /wd4267 /wd4251 /wd4244 /analyze- /errorReport:prompt ..\Classes\3dengine.cpp
         3dengine.cpp
     1>d:\cocos2d-x-2.2.6\3dpipeline\classes\3dengine.cpp(1102): warning C4101: 'v' : unreferenced local variable
     1>d:\cocos2d-x-2.2.6\3dpipeline\classes\3dengine.cpp(1582): warning C4101: 'v' : unreferenced local variable
       ResourceCompile:
         All outputs are up-to-date.
       ManifestResourceCompile:
         All outputs are up-to-date.
       Link:
         C:\Program Files\Microsoft Visual Studio 10.0\VC\bin\link.exe /ERRORREPORT:PROMPT /OUT:"D:\cocos2d-x-2.2.6\Debug.win32\3DPipeLine.win32.exe" /INCREMENTAL /NOLOGO /LIBPATH:"D:\cocos2d-x-2.2.6\Debug.win32\\" libcocos2d.lib opengl32.lib glew32.lib libExtensions.lib kernel32.lib user32.lib gdi32.lib winspool.lib comdlg32.lib advapi32.lib shell32.lib ole32.lib oleaut32.lib uuid.lib odbc32.lib odbccp32.lib /MANIFEST /ManifestFile:"Debug.win32\3DPipeLine.win32.exe.intermediate.manifest" /MANIFESTUAC:"level='asInvoker' uiAccess='false'" /DEBUG /PDB:"D:\cocos2d-x-2.2.6\Debug.win32\3DPipeLine.win32.pdb" /SUBSYSTEM:WINDOWS /TLBID:1 /DYNAMICBASE /NXCOMPAT /IMPLIB:"D:\cocos2d-x-2.2.6\Debug.win32\3DPipeLine.win32.lib" /MACHINE:X86 Debug.win32\3DPipeLine.res
         Debug.win32\3DPipeLine.win32.exe.embed.manifest.res
         Debug.win32\3dbitmap.obj
         Debug.win32\3dcamera.obj
         Debug.win32\3dengine.obj
         Debug.win32\3dgeometry.obj
         Debug.win32\3dmath.obj
         Debug.win32\3dparser.obj
         Debug.win32\3dScene.obj
         Debug.win32\AppDelegate.obj
         Debug.win32\caches.obj
         Debug.win32\fileutil.obj
         Debug.win32\HelloWorldScene.obj
         Debug.win32\testcase.obj
         Debug.win32\main.obj
       Manifest:
         C:\Program Files\Microsoft SDKs\Windows\v7.0A\bin\mt.exe /nologo /verbose /out:"Debug.win32\3DPipeLine.win32.exe.embed.manifest" /manifest Debug.win32\3DPipeLine.win32.exe.intermediate.manifest
         All outputs are up-to-date.
       LinkEmbedManifest:
         All outputs are up-to-date.
         3DPipeLine.win32.vcxproj -> D:\cocos2d-x-2.2.6\Debug.win32\3DPipeLine.win32.exe
       FinalizeBuildStatus:
         Deleting file "Debug.win32\3DPipeLine.win32.unsuccessfulbuild".
         Touching "Debug.win32\3DPipeLine.win32.lastbuildstate".
     1>Done Building Project "D:\cocos2d-x-2.2.6\3DPipeLine\proj.win32\3DPipeLine.win32.vcxproj" (build target(s)).

Build succeeded.

Time Elapsed 00:00:12.93
